2025-05-05 05:11:47.514 [main] INFO  nro.server.configs.Config - Loading default configuration values from: resources/config/main/*
2025-05-05 05:11:47.538 [main] INFO  nro.server.configs.Config - Loading default configuration values from: resources/config/network/*
2025-05-05 05:11:47.541 [main] INFO  nro.server.configs.Config - Loading: ./config/mygs.properties
2025-05-05 05:11:47.541 [main] INFO  nro.server.configs.Config - No override properties found
2025-05-05 05:11:47.567 [main] WARN  nro.server.configs.Config - Config property game-server.shutdown.restart_schedule is unknown and therefore ignored.
2025-05-05 05:11:47.568 [main] WARN  nro.server.configs.Config - Config property game-server.shutdown.delay is unknown and therefore ignored.
2025-05-05 05:11:47.693 [main] INFO  org.reflections.Reflections - Reflections took 102 ms to scan 1 urls, producing 2 keys and 6 values
2025-05-05 05:11:47.753 [main] INFO  org.reflections.Reflections - Reflections took 22 ms to scan 1 urls, producing 2 keys and 6 values
2025-05-05 05:11:47.831 [main] INFO  nro.server.utils.ThreadPoolManager - ThreadPoolManager: Initialized with 36 instant, 36 scheduler and 0 long running threads
2025-05-05 05:11:47.836 [main] INFO  nro.server.GameServer - [32m[0m
2025-05-05 05:11:47.836 [main] INFO  nro.server.GameServer - [32mScheduled pool (Luồng xử lý định kỳ):[0m
2025-05-05 05:11:47.837 [main] INFO  nro.server.GameServer - [32m=================================================[0m
2025-05-05 05:11:47.837 [main] INFO  nro.server.GameServer - [32m	Số luồng đang thực thi tác vụ: ................. 0[0m
2025-05-05 05:11:47.837 [main] INFO  nro.server.GameServer - [32m	Số luồng lõi luôn tồn tại: ..................... 36[0m
2025-05-05 05:11:47.837 [main] INFO  nro.server.GameServer - [32m	Tổng số luồng hiện tại (đang chạy hoặc chờ): ... 36[0m
2025-05-05 05:11:47.837 [main] INFO  nro.server.GameServer - [32m	Số luồng cao nhất từng đạt: .................... 36[0m
2025-05-05 05:11:47.837 [main] INFO  nro.server.GameServer - [32m	Số luồng tối đa cho phép: ...................... 2147483647[0m
2025-05-05 05:11:47.838 [main] INFO  nro.server.GameServer - [32m	Tổng số tác vụ đã hoàn thành: .................. 0[0m
2025-05-05 05:11:47.838 [main] INFO  nro.server.GameServer - [32m	Số tác vụ đang chờ xử lý: ...................... 0[0m
2025-05-05 05:11:47.838 [main] INFO  nro.server.GameServer - [32m	Tổng số tác vụ đã submit: ...................... 0[0m
2025-05-05 05:11:47.838 [main] INFO  nro.server.GameServer - [32m[0m
2025-05-05 05:11:47.838 [main] INFO  nro.server.GameServer - [32mInstant pool (Luồng xử lý tác vụ tức thì):[0m
2025-05-05 05:11:47.838 [main] INFO  nro.server.GameServer - [32m=================================================[0m
2025-05-05 05:11:47.838 [main] INFO  nro.server.GameServer - [32m	Số luồng đang thực thi tác vụ: ................. 0[0m
2025-05-05 05:11:47.838 [main] INFO  nro.server.GameServer - [32m	Số luồng lõi luôn tồn tại: ..................... 36[0m
2025-05-05 05:11:47.839 [main] INFO  nro.server.GameServer - [32m	Tổng số luồng hiện tại (đang chạy hoặc chờ): ... 36[0m
2025-05-05 05:11:47.839 [main] INFO  nro.server.GameServer - [32m	Số luồng cao nhất từng đạt: .................... 36[0m
2025-05-05 05:11:47.839 [main] INFO  nro.server.GameServer - [32m	Số luồng tối đa cho phép: ...................... 36[0m
2025-05-05 05:11:47.839 [main] INFO  nro.server.GameServer - [32m	Tổng số tác vụ đã hoàn thành: .................. 0[0m
2025-05-05 05:11:47.839 [main] INFO  nro.server.GameServer - [32m	Số tác vụ đang chờ xử lý: ...................... 0[0m
2025-05-05 05:11:47.839 [main] INFO  nro.server.GameServer - [32m	Tổng số tác vụ đã submit: ...................... 0[0m
2025-05-05 05:11:47.839 [main] INFO  nro.server.GameServer - [32m[0m
2025-05-05 05:11:47.839 [main] INFO  nro.server.GameServer - [32mLong running pool (Luồng xử lý tác vụ dài hạn):[0m
2025-05-05 05:11:47.840 [main] INFO  nro.server.GameServer - [32m=================================================[0m
2025-05-05 05:11:47.840 [main] INFO  nro.server.GameServer - [32m	Số luồng đang thực thi tác vụ: ................. 0[0m
2025-05-05 05:11:47.840 [main] INFO  nro.server.GameServer - [32m	Số luồng lõi luôn tồn tại: ..................... 0[0m
2025-05-05 05:11:47.840 [main] INFO  nro.server.GameServer - [32m	Tổng số luồng hiện tại (đang chạy hoặc chờ): ... 0[0m
2025-05-05 05:11:47.840 [main] INFO  nro.server.GameServer - [32m	Số luồng cao nhất từng đạt: .................... 0[0m
2025-05-05 05:11:47.840 [main] INFO  nro.server.GameServer - [32m	Số luồng tối đa cho phép: ...................... 2147483647[0m
2025-05-05 05:11:47.840 [main] INFO  nro.server.GameServer - [32m	Tổng số tác vụ đã hoàn thành: .................. 0[0m
2025-05-05 05:11:47.841 [main] INFO  nro.server.GameServer - [32m	Số tác vụ đang chờ xử lý: ...................... 0[0m
2025-05-05 05:11:47.841 [main] INFO  nro.server.GameServer - [32m	Tổng số tác vụ đã submit: ...................... 0[0m
2025-05-05 05:11:47.841 [main] INFO  nro.server.GameServer - [32m	============= ALL THREAD =============[0m
2025-05-05 05:11:47.841 [main] INFO  nro.server.GameServer - [32m	Thread count: 73[0m
2025-05-05 05:11:47.853 [main] INFO  nro.commons.utils.SystemInfo - OS:  Windows 10 (amd64) version 10.0
2025-05-05 05:11:47.853 [main] INFO  nro.commons.utils.SystemInfo - JVM: Java HotSpot(TM) 64-Bit Server VM version 21.0.4+8-LTS-274 (2024-07-16)
2025-05-05 05:11:47.854 [main] INFO  nro.commons.utils.SystemInfo - JVM available CPUs:     36
2025-05-05 05:11:47.854 [main] INFO  nro.commons.utils.SystemInfo - Max. memory allowed: 30.208 MiB
2025-05-05 05:11:47.854 [main] INFO  nro.commons.utils.SystemInfo - ├ Allocated memory:  2.048 MiB   (7 %)
2025-05-05 05:11:47.854 [main] INFO  nro.commons.utils.SystemInfo - └ Used memory:          17 MiB   (0 %)
2025-05-05 05:11:48.013 [main] INFO  nro.commons.network.NioServer - Listening on 127.0.0.1:14445 for Nro game clients
2025-05-05 05:12:12.048 [CommandLine Thread] INFO  nro.commons.utils.SystemInfo - OS:  Windows 10 (amd64) version 10.0
2025-05-05 05:12:12.048 [CommandLine Thread] INFO  nro.commons.utils.SystemInfo - JVM: Java HotSpot(TM) 64-Bit Server VM version 21.0.4+8-LTS-274 (2024-07-16)
2025-05-05 05:12:12.048 [CommandLine Thread] INFO  nro.commons.utils.SystemInfo - JVM available CPUs:     36
2025-05-05 05:12:12.048 [CommandLine Thread] INFO  nro.commons.utils.SystemInfo - Max. memory allowed: 30.208 MiB
2025-05-05 05:12:12.048 [CommandLine Thread] INFO  nro.commons.utils.SystemInfo - ├ Allocated memory:     64 MiB   (0 %)
2025-05-05 05:12:12.048 [CommandLine Thread] INFO  nro.commons.utils.SystemInfo - └ Used memory:          11 MiB   (0 %)
2025-05-05 05:12:31.133 [CommandLine Thread] INFO  nro.commons.utils.SystemInfo - OS:  Windows 10 (amd64) version 10.0
2025-05-05 05:12:31.134 [CommandLine Thread] INFO  nro.commons.utils.SystemInfo - JVM: Java HotSpot(TM) 64-Bit Server VM version 21.0.4+8-LTS-274 (2024-07-16)
2025-05-05 05:12:31.134 [CommandLine Thread] INFO  nro.commons.utils.SystemInfo - JVM available CPUs:     36
2025-05-05 05:12:31.134 [CommandLine Thread] INFO  nro.commons.utils.SystemInfo - Max. memory allowed: 30.208 MiB
2025-05-05 05:12:31.134 [CommandLine Thread] INFO  nro.commons.utils.SystemInfo - ├ Allocated memory:     64 MiB   (0 %)
2025-05-05 05:12:31.134 [CommandLine Thread] INFO  nro.commons.utils.SystemInfo - └ Used memory:          11 MiB   (0 %)
2025-05-05 05:12:33.264 [CommandLine Thread] INFO  nro.commons.utils.SystemInfo - OS:  Windows 10 (amd64) version 10.0
2025-05-05 05:12:33.264 [CommandLine Thread] INFO  nro.commons.utils.SystemInfo - JVM: Java HotSpot(TM) 64-Bit Server VM version 21.0.4+8-LTS-274 (2024-07-16)
2025-05-05 05:12:33.264 [CommandLine Thread] INFO  nro.commons.utils.SystemInfo - JVM available CPUs:     36
2025-05-05 05:12:33.265 [CommandLine Thread] INFO  nro.commons.utils.SystemInfo - Max. memory allowed: 30.208 MiB
2025-05-05 05:12:33.265 [CommandLine Thread] INFO  nro.commons.utils.SystemInfo - ├ Allocated memory:     64 MiB   (0 %)
2025-05-05 05:12:33.265 [CommandLine Thread] INFO  nro.commons.utils.SystemInfo - └ Used memory:          12 MiB   (0 %)
2025-05-05 05:12:35.138 [CommandLine Thread] INFO  nro.commons.utils.SystemInfo - OS:  Windows 10 (amd64) version 10.0
2025-05-05 05:12:35.138 [CommandLine Thread] INFO  nro.commons.utils.SystemInfo - JVM: Java HotSpot(TM) 64-Bit Server VM version 21.0.4+8-LTS-274 (2024-07-16)
2025-05-05 05:12:35.138 [CommandLine Thread] INFO  nro.commons.utils.SystemInfo - JVM available CPUs:     36
2025-05-05 05:12:35.138 [CommandLine Thread] INFO  nro.commons.utils.SystemInfo - Max. memory allowed: 30.208 MiB
2025-05-05 05:12:35.138 [CommandLine Thread] INFO  nro.commons.utils.SystemInfo - ├ Allocated memory:     64 MiB   (0 %)
2025-05-05 05:12:35.139 [CommandLine Thread] INFO  nro.commons.utils.SystemInfo - └ Used memory:          12 MiB   (0 %)
2025-05-05 05:12:36.107 [CommandLine Thread] INFO  nro.commons.utils.SystemInfo - OS:  Windows 10 (amd64) version 10.0
2025-05-05 05:12:36.107 [CommandLine Thread] INFO  nro.commons.utils.SystemInfo - JVM: Java HotSpot(TM) 64-Bit Server VM version 21.0.4+8-LTS-274 (2024-07-16)
2025-05-05 05:12:36.107 [CommandLine Thread] INFO  nro.commons.utils.SystemInfo - JVM available CPUs:     36
2025-05-05 05:12:36.107 [CommandLine Thread] INFO  nro.commons.utils.SystemInfo - Max. memory allowed: 30.208 MiB
2025-05-05 05:12:36.108 [CommandLine Thread] INFO  nro.commons.utils.SystemInfo - ├ Allocated memory:     64 MiB   (0 %)
2025-05-05 05:12:36.108 [CommandLine Thread] INFO  nro.commons.utils.SystemInfo - └ Used memory:          12 MiB   (0 %)
2025-05-05 05:12:37.206 [CommandLine Thread] INFO  nro.commons.utils.SystemInfo - OS:  Windows 10 (amd64) version 10.0
2025-05-05 05:12:37.206 [CommandLine Thread] INFO  nro.commons.utils.SystemInfo - JVM: Java HotSpot(TM) 64-Bit Server VM version 21.0.4+8-LTS-274 (2024-07-16)
2025-05-05 05:12:37.206 [CommandLine Thread] INFO  nro.commons.utils.SystemInfo - JVM available CPUs:     36
2025-05-05 05:12:37.206 [CommandLine Thread] INFO  nro.commons.utils.SystemInfo - Max. memory allowed: 30.208 MiB
2025-05-05 05:12:37.206 [CommandLine Thread] INFO  nro.commons.utils.SystemInfo - ├ Allocated memory:     64 MiB   (0 %)
2025-05-05 05:12:37.206 [CommandLine Thread] INFO  nro.commons.utils.SystemInfo - └ Used memory:          12 MiB   (0 %)
2025-05-05 05:13:25.346 [Accept Dispatcher] INFO  nro.server.network.nro.GameConnectionFactory - Creating new connection for 127.0.0.1
2025-05-05 05:13:25.572 [ReadWrite-0 Dispatcher] WARN  nro.server.network.nro.client_packets.NroClientPacketFactory - Unknown or invalid packet command: -111 state: CONNECTED
2025-05-05 05:13:25.572 [ReadWrite-0 Dispatcher] WARN  nro.server.network.nro.NroConnection - Unknown packet cmd=-111 in state=CONNECTED
2025-05-05 05:13:30.643 [InstantPool-1] INFO  nro.server.network.nro.NroConnection - Client disconnected successfully: ID=
2025-05-05 05:13:37.184 [Accept Dispatcher] INFO  nro.server.network.nro.GameConnectionFactory - Creating new connection for 127.0.0.1
2025-05-05 05:13:37.342 [ReadWrite-0 Dispatcher] WARN  nro.server.network.nro.client_packets.NroClientPacketFactory - Unknown or invalid packet command: -111 state: CONNECTED
2025-05-05 05:13:37.342 [ReadWrite-0 Dispatcher] WARN  nro.server.network.nro.NroConnection - Unknown packet cmd=-111 in state=CONNECTED
2025-05-05 05:13:43.238 [InstantPool-2] INFO  nro.server.network.nro.NroConnection - Client disconnected successfully: ID=
2025-05-05 05:13:49.655 [Accept Dispatcher] INFO  nro.server.network.nro.GameConnectionFactory - Creating new connection for 127.0.0.1
2025-05-05 05:13:49.806 [ReadWrite-0 Dispatcher] WARN  nro.server.network.nro.client_packets.NroClientPacketFactory - Unknown or invalid packet command: -111 state: CONNECTED
2025-05-05 05:13:49.806 [ReadWrite-0 Dispatcher] WARN  nro.server.network.nro.NroConnection - Unknown packet cmd=-111 in state=CONNECTED
2025-05-05 05:15:57.859 [InstantPool-3] INFO  nro.server.network.nro.NroConnection - Client disconnected successfully: ID=
2025-05-05 05:16:32.658 [Accept Dispatcher] INFO  nro.server.network.nro.GameConnectionFactory - Creating new connection for 127.0.0.1
2025-05-05 05:16:32.815 [ReadWrite-0 Dispatcher] WARN  nro.server.network.nro.client_packets.NroClientPacketFactory - Unknown or invalid packet command: -111 state: CONNECTED
2025-05-05 05:16:32.815 [ReadWrite-0 Dispatcher] WARN  nro.server.network.nro.NroConnection - Unknown packet cmd=-111 in state=CONNECTED
2025-05-05 05:18:29.982 [InstantPool-4] INFO  nro.server.network.nro.NroConnection - Client disconnected successfully: ID=
2025-05-05 05:35:34.032 [main] INFO  nro.server.configs.Config - Loading default configuration values from: resources/config/main/*
2025-05-05 05:35:34.047 [main] INFO  nro.server.configs.Config - Loading default configuration values from: resources/config/network/*
2025-05-05 05:35:34.048 [main] INFO  nro.server.configs.Config - Loading: ./config/mygs.properties
2025-05-05 05:35:34.049 [main] INFO  nro.server.configs.Config - No override properties found
2025-05-05 05:35:34.077 [main] WARN  nro.server.configs.Config - Config property game-server.shutdown.restart_schedule is unknown and therefore ignored.
2025-05-05 05:35:34.077 [main] WARN  nro.server.configs.Config - Config property game-server.shutdown.delay is unknown and therefore ignored.
2025-05-05 05:35:34.208 [main] INFO  org.reflections.Reflections - Reflections took 104 ms to scan 1 urls, producing 2 keys and 6 values
2025-05-05 05:35:34.277 [main] INFO  org.reflections.Reflections - Reflections took 26 ms to scan 1 urls, producing 2 keys and 8 values
2025-05-05 05:35:34.365 [main] INFO  nro.server.utils.ThreadPoolManager - ThreadPoolManager: Initialized with 36 instant, 36 scheduler and 0 long running threads
2025-05-05 05:35:34.371 [main] INFO  nro.server.GameServer - [32m[0m
2025-05-05 05:35:34.371 [main] INFO  nro.server.GameServer - [32mScheduled pool (Luồng xử lý định kỳ):[0m
2025-05-05 05:35:34.371 [main] INFO  nro.server.GameServer - [32m=================================================[0m
2025-05-05 05:35:34.372 [main] INFO  nro.server.GameServer - [32m	Số luồng đang thực thi tác vụ: ................. 0[0m
2025-05-05 05:35:34.372 [main] INFO  nro.server.GameServer - [32m	Số luồng lõi luôn tồn tại: ..................... 36[0m
2025-05-05 05:35:34.372 [main] INFO  nro.server.GameServer - [32m	Tổng số luồng hiện tại (đang chạy hoặc chờ): ... 36[0m
2025-05-05 05:35:34.372 [main] INFO  nro.server.GameServer - [32m	Số luồng cao nhất từng đạt: .................... 36[0m
2025-05-05 05:35:34.372 [main] INFO  nro.server.GameServer - [32m	Số luồng tối đa cho phép: ...................... 2147483647[0m
2025-05-05 05:35:34.372 [main] INFO  nro.server.GameServer - [32m	Tổng số tác vụ đã hoàn thành: .................. 0[0m
2025-05-05 05:35:34.373 [main] INFO  nro.server.GameServer - [32m	Số tác vụ đang chờ xử lý: ...................... 0[0m
2025-05-05 05:35:34.373 [main] INFO  nro.server.GameServer - [32m	Tổng số tác vụ đã submit: ...................... 0[0m
2025-05-05 05:35:34.373 [main] INFO  nro.server.GameServer - [32m[0m
2025-05-05 05:35:34.373 [main] INFO  nro.server.GameServer - [32mInstant pool (Luồng xử lý tác vụ tức thì):[0m
2025-05-05 05:35:34.373 [main] INFO  nro.server.GameServer - [32m=================================================[0m
2025-05-05 05:35:34.373 [main] INFO  nro.server.GameServer - [32m	Số luồng đang thực thi tác vụ: ................. 0[0m
2025-05-05 05:35:34.373 [main] INFO  nro.server.GameServer - [32m	Số luồng lõi luôn tồn tại: ..................... 36[0m
2025-05-05 05:35:34.373 [main] INFO  nro.server.GameServer - [32m	Tổng số luồng hiện tại (đang chạy hoặc chờ): ... 36[0m
2025-05-05 05:35:34.374 [main] INFO  nro.server.GameServer - [32m	Số luồng cao nhất từng đạt: .................... 36[0m
2025-05-05 05:35:34.374 [main] INFO  nro.server.GameServer - [32m	Số luồng tối đa cho phép: ...................... 36[0m
2025-05-05 05:35:34.374 [main] INFO  nro.server.GameServer - [32m	Tổng số tác vụ đã hoàn thành: .................. 0[0m
2025-05-05 05:35:34.374 [main] INFO  nro.server.GameServer - [32m	Số tác vụ đang chờ xử lý: ...................... 0[0m
2025-05-05 05:35:34.374 [main] INFO  nro.server.GameServer - [32m	Tổng số tác vụ đã submit: ...................... 0[0m
2025-05-05 05:35:34.374 [main] INFO  nro.server.GameServer - [32m[0m
2025-05-05 05:35:34.375 [main] INFO  nro.server.GameServer - [32mLong running pool (Luồng xử lý tác vụ dài hạn):[0m
2025-05-05 05:35:34.375 [main] INFO  nro.server.GameServer - [32m=================================================[0m
2025-05-05 05:35:34.375 [main] INFO  nro.server.GameServer - [32m	Số luồng đang thực thi tác vụ: ................. 0[0m
2025-05-05 05:35:34.375 [main] INFO  nro.server.GameServer - [32m	Số luồng lõi luôn tồn tại: ..................... 0[0m
2025-05-05 05:35:34.375 [main] INFO  nro.server.GameServer - [32m	Tổng số luồng hiện tại (đang chạy hoặc chờ): ... 0[0m
2025-05-05 05:35:34.375 [main] INFO  nro.server.GameServer - [32m	Số luồng cao nhất từng đạt: .................... 0[0m
2025-05-05 05:35:34.375 [main] INFO  nro.server.GameServer - [32m	Số luồng tối đa cho phép: ...................... 2147483647[0m
2025-05-05 05:35:34.375 [main] INFO  nro.server.GameServer - [32m	Tổng số tác vụ đã hoàn thành: .................. 0[0m
2025-05-05 05:35:34.375 [main] INFO  nro.server.GameServer - [32m	Số tác vụ đang chờ xử lý: ...................... 0[0m
2025-05-05 05:35:34.376 [main] INFO  nro.server.GameServer - [32m	Tổng số tác vụ đã submit: ...................... 0[0m
2025-05-05 05:35:34.376 [main] INFO  nro.server.GameServer - [32m	============= ALL THREAD =============[0m
2025-05-05 05:35:34.376 [main] INFO  nro.server.GameServer - [32m	Thread count: 73[0m
2025-05-05 05:35:34.389 [main] INFO  nro.commons.utils.SystemInfo - OS:  Windows 10 (amd64) version 10.0
2025-05-05 05:35:34.389 [main] INFO  nro.commons.utils.SystemInfo - JVM: Java HotSpot(TM) 64-Bit Server VM version 21.0.4+8-LTS-274 (2024-07-16)
2025-05-05 05:35:34.389 [main] INFO  nro.commons.utils.SystemInfo - JVM available CPUs:     36
2025-05-05 05:35:34.390 [main] INFO  nro.commons.utils.SystemInfo - Max. memory allowed: 30.208 MiB
2025-05-05 05:35:34.390 [main] INFO  nro.commons.utils.SystemInfo - ├ Allocated memory:  2.048 MiB   (7 %)
2025-05-05 05:35:34.390 [main] INFO  nro.commons.utils.SystemInfo - └ Used memory:          13 MiB   (0 %)
2025-05-05 05:35:34.605 [main] INFO  nro.commons.network.NioServer - Listening on 127.0.0.1:14445 for Nro game clients
2025-05-05 05:35:50.807 [Accept Dispatcher] INFO  nro.server.network.nro.GameConnectionFactory - Creating new connection for 127.0.0.1
2025-05-05 05:35:50.972 [ReadWrite-0 Dispatcher] WARN  nro.commons.network.packet.BaseClientPacket - [-111] CMGetImageSource2 was not fully read! Last 2 bytes were not read from buffer:
0000: 00 00                                              ..
2025-05-05 05:35:50.976 [ReadWrite-0 Dispatcher] ERROR nro.server.network.nro.NroConnection - Error processing packet write: [SMGetImageSource] for ID:
java.lang.NullPointerException: Cannot load from int array because "this.versionImage" is null
	at nro.server.data_holders.data.VersionImageData.getVersionImage(VersionImageData.java:53)
	at nro.server.network.nro.server_packets.handler.SMGetImageSource.writeImpl(SMGetImageSource.java:15)
	at nro.server.network.nro.NroServerPacket.write(NroServerPacket.java:40)
	at nro.server.network.nro.NroConnection.writeData(NroConnection.java:153)
	at nro.commons.network.Dispatcher.write(Dispatcher.java:235)
	at nro.commons.network.AcceptReadWriteDispatcher.dispatch(AcceptReadWriteDispatcher.java:44)
	at nro.commons.network.Dispatcher.run(Dispatcher.java:62)
2025-05-05 05:35:50.981 [InstantPool-1] INFO  nro.server.network.nro.NroConnection - Client disconnected successfully: ID=
2025-05-05 05:36:44.101 [CommandLine Thread] ERROR nro.server.services.CommandService - 
java.util.NoSuchElementException: No line found
	at java.base/java.util.Scanner.nextLine(Scanner.java:1660)
	at nro.server.services.CommandService.ActiveCommandLine(CommandService.java:20)
	at java.base/java.lang.Thread.run(Thread.java:1583)
2025-05-05 05:36:47.854 [main] INFO  nro.server.configs.Config - Loading default configuration values from: resources/config/main/*
2025-05-05 05:36:47.867 [main] INFO  nro.server.configs.Config - Loading default configuration values from: resources/config/network/*
2025-05-05 05:36:47.868 [main] INFO  nro.server.configs.Config - Loading: ./config/mygs.properties
2025-05-05 05:36:47.868 [main] INFO  nro.server.configs.Config - No override properties found
2025-05-05 05:36:47.894 [main] WARN  nro.server.configs.Config - Config property game-server.shutdown.restart_schedule is unknown and therefore ignored.
2025-05-05 05:36:47.894 [main] WARN  nro.server.configs.Config - Config property game-server.shutdown.delay is unknown and therefore ignored.
2025-05-05 05:36:48.014 [main] INFO  org.reflections.Reflections - Reflections took 97 ms to scan 1 urls, producing 2 keys and 6 values
2025-05-05 05:36:48.080 [main] INFO  org.reflections.Reflections - Reflections took 24 ms to scan 1 urls, producing 2 keys and 8 values
2025-05-05 05:36:48.158 [main] INFO  nro.server.utils.ThreadPoolManager - ThreadPoolManager: Initialized with 36 instant, 36 scheduler and 0 long running threads
2025-05-05 05:36:48.164 [main] INFO  nro.server.GameServer - [32m[0m
2025-05-05 05:36:48.164 [main] INFO  nro.server.GameServer - [32mScheduled pool (Luồng xử lý định kỳ):[0m
2025-05-05 05:36:48.164 [main] INFO  nro.server.GameServer - [32m=================================================[0m
2025-05-05 05:36:48.164 [main] INFO  nro.server.GameServer - [32m	Số luồng đang thực thi tác vụ: ................. 0[0m
2025-05-05 05:36:48.165 [main] INFO  nro.server.GameServer - [32m	Số luồng lõi luôn tồn tại: ..................... 36[0m
2025-05-05 05:36:48.165 [main] INFO  nro.server.GameServer - [32m	Tổng số luồng hiện tại (đang chạy hoặc chờ): ... 36[0m
2025-05-05 05:36:48.165 [main] INFO  nro.server.GameServer - [32m	Số luồng cao nhất từng đạt: .................... 36[0m
2025-05-05 05:36:48.165 [main] INFO  nro.server.GameServer - [32m	Số luồng tối đa cho phép: ...................... 2147483647[0m
2025-05-05 05:36:48.165 [main] INFO  nro.server.GameServer - [32m	Tổng số tác vụ đã hoàn thành: .................. 0[0m
2025-05-05 05:36:48.165 [main] INFO  nro.server.GameServer - [32m	Số tác vụ đang chờ xử lý: ...................... 0[0m
2025-05-05 05:36:48.166 [main] INFO  nro.server.GameServer - [32m	Tổng số tác vụ đã submit: ...................... 0[0m
2025-05-05 05:36:48.166 [main] INFO  nro.server.GameServer - [32m[0m
2025-05-05 05:36:48.166 [main] INFO  nro.server.GameServer - [32mInstant pool (Luồng xử lý tác vụ tức thì):[0m
2025-05-05 05:36:48.166 [main] INFO  nro.server.GameServer - [32m=================================================[0m
2025-05-05 05:36:48.166 [main] INFO  nro.server.GameServer - [32m	Số luồng đang thực thi tác vụ: ................. 0[0m
2025-05-05 05:36:48.166 [main] INFO  nro.server.GameServer - [32m	Số luồng lõi luôn tồn tại: ..................... 36[0m
2025-05-05 05:36:48.166 [main] INFO  nro.server.GameServer - [32m	Tổng số luồng hiện tại (đang chạy hoặc chờ): ... 36[0m
2025-05-05 05:36:48.167 [main] INFO  nro.server.GameServer - [32m	Số luồng cao nhất từng đạt: .................... 36[0m
2025-05-05 05:36:48.167 [main] INFO  nro.server.GameServer - [32m	Số luồng tối đa cho phép: ...................... 36[0m
2025-05-05 05:36:48.167 [main] INFO  nro.server.GameServer - [32m	Tổng số tác vụ đã hoàn thành: .................. 0[0m
2025-05-05 05:36:48.167 [main] INFO  nro.server.GameServer - [32m	Số tác vụ đang chờ xử lý: ...................... 0[0m
2025-05-05 05:36:48.167 [main] INFO  nro.server.GameServer - [32m	Tổng số tác vụ đã submit: ...................... 0[0m
2025-05-05 05:36:48.167 [main] INFO  nro.server.GameServer - [32m[0m
2025-05-05 05:36:48.168 [main] INFO  nro.server.GameServer - [32mLong running pool (Luồng xử lý tác vụ dài hạn):[0m
2025-05-05 05:36:48.168 [main] INFO  nro.server.GameServer - [32m=================================================[0m
2025-05-05 05:36:48.168 [main] INFO  nro.server.GameServer - [32m	Số luồng đang thực thi tác vụ: ................. 0[0m
2025-05-05 05:36:48.168 [main] INFO  nro.server.GameServer - [32m	Số luồng lõi luôn tồn tại: ..................... 0[0m
2025-05-05 05:36:48.168 [main] INFO  nro.server.GameServer - [32m	Tổng số luồng hiện tại (đang chạy hoặc chờ): ... 0[0m
2025-05-05 05:36:48.168 [main] INFO  nro.server.GameServer - [32m	Số luồng cao nhất từng đạt: .................... 0[0m
2025-05-05 05:36:48.168 [main] INFO  nro.server.GameServer - [32m	Số luồng tối đa cho phép: ...................... 2147483647[0m
2025-05-05 05:36:48.168 [main] INFO  nro.server.GameServer - [32m	Tổng số tác vụ đã hoàn thành: .................. 0[0m
2025-05-05 05:36:48.168 [main] INFO  nro.server.GameServer - [32m	Số tác vụ đang chờ xử lý: ...................... 0[0m
2025-05-05 05:36:48.169 [main] INFO  nro.server.GameServer - [32m	Tổng số tác vụ đã submit: ...................... 0[0m
2025-05-05 05:36:48.169 [main] INFO  nro.server.GameServer - [32m	============= ALL THREAD =============[0m
2025-05-05 05:36:48.169 [main] INFO  nro.server.GameServer - [32m	Thread count: 73[0m
2025-05-05 05:36:48.180 [main] INFO  nro.commons.utils.SystemInfo - OS:  Windows 10 (amd64) version 10.0
2025-05-05 05:36:48.180 [main] INFO  nro.commons.utils.SystemInfo - JVM: Java HotSpot(TM) 64-Bit Server VM version 21.0.4+8-LTS-274 (2024-07-16)
2025-05-05 05:36:48.180 [main] INFO  nro.commons.utils.SystemInfo - JVM available CPUs:     36
2025-05-05 05:36:48.180 [main] INFO  nro.commons.utils.SystemInfo - Max. memory allowed: 30.208 MiB
2025-05-05 05:36:48.180 [main] INFO  nro.commons.utils.SystemInfo - ├ Allocated memory:  2.048 MiB   (7 %)
2025-05-05 05:36:48.180 [main] INFO  nro.commons.utils.SystemInfo - └ Used memory:          18 MiB   (0 %)
2025-05-05 05:36:48.963 [main] INFO  nro.server.data_holders.DataManager - Initialized manager class: [VersionImageData]
2025-05-05 05:36:48.964 [main] INFO  nro.server.data_holders.DataManager - ##### [Static Data loaded in 0,8 seconds] #####
2025-05-05 05:36:49.134 [main] INFO  nro.commons.network.NioServer - Listening on 127.0.0.1:14445 for Nro game clients
2025-05-05 05:37:08.054 [CommandLine Thread] ERROR nro.server.services.CommandService - 
java.util.NoSuchElementException: No line found
	at java.base/java.util.Scanner.nextLine(Scanner.java:1660)
	at nro.server.services.CommandService.ActiveCommandLine(CommandService.java:20)
	at java.base/java.lang.Thread.run(Thread.java:1583)
2025-05-05 05:37:09.664 [main] INFO  nro.server.configs.Config - Loading default configuration values from: resources/config/main/*
2025-05-05 05:37:09.677 [main] INFO  nro.server.configs.Config - Loading default configuration values from: resources/config/network/*
2025-05-05 05:37:09.678 [main] INFO  nro.server.configs.Config - Loading: ./config/mygs.properties
2025-05-05 05:37:09.679 [main] INFO  nro.server.configs.Config - No override properties found
2025-05-05 05:37:09.704 [main] WARN  nro.server.configs.Config - Config property game-server.shutdown.restart_schedule is unknown and therefore ignored.
2025-05-05 05:37:09.704 [main] WARN  nro.server.configs.Config - Config property game-server.shutdown.delay is unknown and therefore ignored.
2025-05-05 05:37:09.823 [main] INFO  org.reflections.Reflections - Reflections took 94 ms to scan 1 urls, producing 2 keys and 6 values
2025-05-05 05:37:09.903 [main] INFO  org.reflections.Reflections - Reflections took 31 ms to scan 1 urls, producing 2 keys and 8 values
2025-05-05 05:37:10.001 [main] INFO  nro.server.utils.ThreadPoolManager - ThreadPoolManager: Initialized with 36 instant, 36 scheduler and 0 long running threads
2025-05-05 05:37:10.011 [main] INFO  nro.server.GameServer - [32m[0m
2025-05-05 05:37:10.011 [main] INFO  nro.server.GameServer - [32mScheduled pool (Luồng xử lý định kỳ):[0m
2025-05-05 05:37:10.012 [main] INFO  nro.server.GameServer - [32m=================================================[0m
2025-05-05 05:37:10.013 [main] INFO  nro.server.GameServer - [32m	Số luồng đang thực thi tác vụ: ................. 0[0m
2025-05-05 05:37:10.013 [main] INFO  nro.server.GameServer - [32m	Số luồng lõi luôn tồn tại: ..................... 36[0m
2025-05-05 05:37:10.014 [main] INFO  nro.server.GameServer - [32m	Tổng số luồng hiện tại (đang chạy hoặc chờ): ... 36[0m
2025-05-05 05:37:10.014 [main] INFO  nro.server.GameServer - [32m	Số luồng cao nhất từng đạt: .................... 36[0m
2025-05-05 05:37:10.015 [main] INFO  nro.server.GameServer - [32m	Số luồng tối đa cho phép: ...................... 2147483647[0m
2025-05-05 05:37:10.015 [main] INFO  nro.server.GameServer - [32m	Tổng số tác vụ đã hoàn thành: .................. 0[0m
2025-05-05 05:37:10.015 [main] INFO  nro.server.GameServer - [32m	Số tác vụ đang chờ xử lý: ...................... 0[0m
2025-05-05 05:37:10.015 [main] INFO  nro.server.GameServer - [32m	Tổng số tác vụ đã submit: ...................... 0[0m
2025-05-05 05:37:10.016 [main] INFO  nro.server.GameServer - [32m[0m
2025-05-05 05:37:10.016 [main] INFO  nro.server.GameServer - [32mInstant pool (Luồng xử lý tác vụ tức thì):[0m
2025-05-05 05:37:10.016 [main] INFO  nro.server.GameServer - [32m=================================================[0m
2025-05-05 05:37:10.017 [main] INFO  nro.server.GameServer - [32m	Số luồng đang thực thi tác vụ: ................. 0[0m
2025-05-05 05:37:10.017 [main] INFO  nro.server.GameServer - [32m	Số luồng lõi luôn tồn tại: ..................... 36[0m
2025-05-05 05:37:10.017 [main] INFO  nro.server.GameServer - [32m	Tổng số luồng hiện tại (đang chạy hoặc chờ): ... 36[0m
2025-05-05 05:37:10.018 [main] INFO  nro.server.GameServer - [32m	Số luồng cao nhất từng đạt: .................... 36[0m
2025-05-05 05:37:10.018 [main] INFO  nro.server.GameServer - [32m	Số luồng tối đa cho phép: ...................... 36[0m
2025-05-05 05:37:10.018 [main] INFO  nro.server.GameServer - [32m	Tổng số tác vụ đã hoàn thành: .................. 0[0m
2025-05-05 05:37:10.018 [main] INFO  nro.server.GameServer - [32m	Số tác vụ đang chờ xử lý: ...................... 0[0m
2025-05-05 05:37:10.019 [main] INFO  nro.server.GameServer - [32m	Tổng số tác vụ đã submit: ...................... 0[0m
2025-05-05 05:37:10.019 [main] INFO  nro.server.GameServer - [32m[0m
2025-05-05 05:37:10.019 [main] INFO  nro.server.GameServer - [32mLong running pool (Luồng xử lý tác vụ dài hạn):[0m
2025-05-05 05:37:10.019 [main] INFO  nro.server.GameServer - [32m=================================================[0m
2025-05-05 05:37:10.020 [main] INFO  nro.server.GameServer - [32m	Số luồng đang thực thi tác vụ: ................. 0[0m
2025-05-05 05:37:10.020 [main] INFO  nro.server.GameServer - [32m	Số luồng lõi luôn tồn tại: ..................... 0[0m
2025-05-05 05:37:10.020 [main] INFO  nro.server.GameServer - [32m	Tổng số luồng hiện tại (đang chạy hoặc chờ): ... 0[0m
2025-05-05 05:37:10.020 [main] INFO  nro.server.GameServer - [32m	Số luồng cao nhất từng đạt: .................... 0[0m
2025-05-05 05:37:10.020 [main] INFO  nro.server.GameServer - [32m	Số luồng tối đa cho phép: ...................... 2147483647[0m
2025-05-05 05:37:10.020 [main] INFO  nro.server.GameServer - [32m	Tổng số tác vụ đã hoàn thành: .................. 0[0m
2025-05-05 05:37:10.021 [main] INFO  nro.server.GameServer - [32m	Số tác vụ đang chờ xử lý: ...................... 0[0m
2025-05-05 05:37:10.021 [main] INFO  nro.server.GameServer - [32m	Tổng số tác vụ đã submit: ...................... 0[0m
2025-05-05 05:37:10.021 [main] INFO  nro.server.GameServer - [32m	============= ALL THREAD =============[0m
2025-05-05 05:37:10.021 [main] INFO  nro.server.GameServer - [32m	Thread count: 73[0m
2025-05-05 05:37:10.035 [main] INFO  nro.commons.utils.SystemInfo - OS:  Windows 10 (amd64) version 10.0
2025-05-05 05:37:10.036 [main] INFO  nro.commons.utils.SystemInfo - JVM: Java HotSpot(TM) 64-Bit Server VM version 21.0.4+8-LTS-274 (2024-07-16)
2025-05-05 05:37:10.036 [main] INFO  nro.commons.utils.SystemInfo - JVM available CPUs:     36
2025-05-05 05:37:10.036 [main] INFO  nro.commons.utils.SystemInfo - Max. memory allowed: 30.208 MiB
2025-05-05 05:37:10.036 [main] INFO  nro.commons.utils.SystemInfo - ├ Allocated memory:  2.048 MiB   (7 %)
2025-05-05 05:37:10.036 [main] INFO  nro.commons.utils.SystemInfo - └ Used memory:          14 MiB   (0 %)
2025-05-05 05:37:10.350 [main] INFO  nro.server.data_holders.DataManager - Initialized manager class: [VersionImageData]
2025-05-05 05:37:10.352 [main] INFO  nro.server.data_holders.DataManager - ##### [Static Data loaded in 0,3 seconds] #####
2025-05-05 05:37:10.513 [main] INFO  nro.commons.network.NioServer - Listening on 127.0.0.1:14445 for Nro game clients
2025-05-05 05:38:14.235 [Accept Dispatcher] INFO  nro.server.network.nro.GameConnectionFactory - Creating new connection for 127.0.0.1
2025-05-05 05:38:14.474 [ReadWrite-0 Dispatcher] WARN  nro.commons.network.packet.BaseClientPacket - [-111] CMGetImageSource2 was not fully read! Last 2 bytes were not read from buffer:
0000: 00 00                                              ..
2025-05-05 05:38:26.681 [InstantPool-1] INFO  nro.server.network.nro.NroConnection - Client disconnected successfully: ID=
2025-05-05 05:38:33.846 [Accept Dispatcher] INFO  nro.server.network.nro.GameConnectionFactory - Creating new connection for 127.0.0.1
2025-05-05 05:40:28.914 [main] INFO  nro.server.configs.Config - Loading default configuration values from: resources/config/main/*
2025-05-05 05:40:28.927 [main] INFO  nro.server.configs.Config - Loading default configuration values from: resources/config/network/*
2025-05-05 05:40:28.929 [main] INFO  nro.server.configs.Config - Loading: ./config/mygs.properties
2025-05-05 05:40:28.930 [main] INFO  nro.server.configs.Config - No override properties found
2025-05-05 05:40:28.954 [main] WARN  nro.server.configs.Config - Config property game-server.shutdown.restart_schedule is unknown and therefore ignored.
2025-05-05 05:40:28.954 [main] WARN  nro.server.configs.Config - Config property game-server.shutdown.delay is unknown and therefore ignored.
2025-05-05 05:40:29.078 [main] INFO  org.reflections.Reflections - Reflections took 101 ms to scan 1 urls, producing 2 keys and 6 values
2025-05-05 05:40:29.171 [main] INFO  org.reflections.Reflections - Reflections took 33 ms to scan 1 urls, producing 2 keys and 8 values
2025-05-05 05:40:29.262 [main] INFO  nro.server.utils.ThreadPoolManager - ThreadPoolManager: Initialized with 36 instant, 36 scheduler and 0 long running threads
2025-05-05 05:40:29.268 [main] INFO  nro.server.GameServer - [32m[0m
2025-05-05 05:40:29.268 [main] INFO  nro.server.GameServer - [32mScheduled pool (Luồng xử lý định kỳ):[0m
2025-05-05 05:40:29.268 [main] INFO  nro.server.GameServer - [32m=================================================[0m
2025-05-05 05:40:29.269 [main] INFO  nro.server.GameServer - [32m	Số luồng đang thực thi tác vụ: ................. 0[0m
2025-05-05 05:40:29.269 [main] INFO  nro.server.GameServer - [32m	Số luồng lõi luôn tồn tại: ..................... 36[0m
2025-05-05 05:40:29.269 [main] INFO  nro.server.GameServer - [32m	Tổng số luồng hiện tại (đang chạy hoặc chờ): ... 36[0m
2025-05-05 05:40:29.269 [main] INFO  nro.server.GameServer - [32m	Số luồng cao nhất từng đạt: .................... 36[0m
2025-05-05 05:40:29.270 [main] INFO  nro.server.GameServer - [32m	Số luồng tối đa cho phép: ...................... 2147483647[0m
2025-05-05 05:40:29.270 [main] INFO  nro.server.GameServer - [32m	Tổng số tác vụ đã hoàn thành: .................. 0[0m
2025-05-05 05:40:29.270 [main] INFO  nro.server.GameServer - [32m	Số tác vụ đang chờ xử lý: ...................... 0[0m
2025-05-05 05:40:29.270 [main] INFO  nro.server.GameServer - [32m	Tổng số tác vụ đã submit: ...................... 0[0m
2025-05-05 05:40:29.270 [main] INFO  nro.server.GameServer - [32m[0m
2025-05-05 05:40:29.270 [main] INFO  nro.server.GameServer - [32mInstant pool (Luồng xử lý tác vụ tức thì):[0m
2025-05-05 05:40:29.271 [main] INFO  nro.server.GameServer - [32m=================================================[0m
2025-05-05 05:40:29.271 [main] INFO  nro.server.GameServer - [32m	Số luồng đang thực thi tác vụ: ................. 0[0m
2025-05-05 05:40:29.271 [main] INFO  nro.server.GameServer - [32m	Số luồng lõi luôn tồn tại: ..................... 36[0m
2025-05-05 05:40:29.271 [main] INFO  nro.server.GameServer - [32m	Tổng số luồng hiện tại (đang chạy hoặc chờ): ... 36[0m
2025-05-05 05:40:29.271 [main] INFO  nro.server.GameServer - [32m	Số luồng cao nhất từng đạt: .................... 36[0m
2025-05-05 05:40:29.272 [main] INFO  nro.server.GameServer - [32m	Số luồng tối đa cho phép: ...................... 36[0m
2025-05-05 05:40:29.272 [main] INFO  nro.server.GameServer - [32m	Tổng số tác vụ đã hoàn thành: .................. 0[0m
2025-05-05 05:40:29.272 [main] INFO  nro.server.GameServer - [32m	Số tác vụ đang chờ xử lý: ...................... 0[0m
2025-05-05 05:40:29.272 [main] INFO  nro.server.GameServer - [32m	Tổng số tác vụ đã submit: ...................... 0[0m
2025-05-05 05:40:29.272 [main] INFO  nro.server.GameServer - [32m[0m
2025-05-05 05:40:29.273 [main] INFO  nro.server.GameServer - [32mLong running pool (Luồng xử lý tác vụ dài hạn):[0m
2025-05-05 05:40:29.273 [main] INFO  nro.server.GameServer - [32m=================================================[0m
2025-05-05 05:40:29.273 [main] INFO  nro.server.GameServer - [32m	Số luồng đang thực thi tác vụ: ................. 0[0m
2025-05-05 05:40:29.273 [main] INFO  nro.server.GameServer - [32m	Số luồng lõi luôn tồn tại: ..................... 0[0m
2025-05-05 05:40:29.273 [main] INFO  nro.server.GameServer - [32m	Tổng số luồng hiện tại (đang chạy hoặc chờ): ... 0[0m
2025-05-05 05:40:29.273 [main] INFO  nro.server.GameServer - [32m	Số luồng cao nhất từng đạt: .................... 0[0m
2025-05-05 05:40:29.273 [main] INFO  nro.server.GameServer - [32m	Số luồng tối đa cho phép: ...................... 2147483647[0m
2025-05-05 05:40:29.274 [main] INFO  nro.server.GameServer - [32m	Tổng số tác vụ đã hoàn thành: .................. 0[0m
2025-05-05 05:40:29.274 [main] INFO  nro.server.GameServer - [32m	Số tác vụ đang chờ xử lý: ...................... 0[0m
2025-05-05 05:40:29.274 [main] INFO  nro.server.GameServer - [32m	Tổng số tác vụ đã submit: ...................... 0[0m
2025-05-05 05:40:29.274 [main] INFO  nro.server.GameServer - [32m	============= ALL THREAD =============[0m
2025-05-05 05:40:29.274 [main] INFO  nro.server.GameServer - [32m	Thread count: 73[0m
2025-05-05 05:40:29.287 [main] INFO  nro.commons.utils.SystemInfo - OS:  Windows 10 (amd64) version 10.0
2025-05-05 05:40:29.287 [main] INFO  nro.commons.utils.SystemInfo - JVM: Java HotSpot(TM) 64-Bit Server VM version 21.0.4+8-LTS-274 (2024-07-16)
2025-05-05 05:40:29.288 [main] INFO  nro.commons.utils.SystemInfo - JVM available CPUs:     36
2025-05-05 05:40:29.288 [main] INFO  nro.commons.utils.SystemInfo - Max. memory allowed: 30.208 MiB
2025-05-05 05:40:29.288 [main] INFO  nro.commons.utils.SystemInfo - ├ Allocated memory:  2.048 MiB   (7 %)
2025-05-05 05:40:29.288 [main] INFO  nro.commons.utils.SystemInfo - └ Used memory:          14 MiB   (0 %)
2025-05-05 05:40:29.631 [main] INFO  nro.server.data_holders.DataManager - Initialized manager class: [VersionImageData]
2025-05-05 05:40:29.631 [main] INFO  nro.server.data_holders.DataManager - ##### [Static Data loaded in 0,3 seconds] #####
2025-05-05 05:40:29.801 [main] INFO  nro.commons.network.NioServer - Listening on 127.0.0.1:14445 for Nro game clients
2025-05-05 05:40:40.274 [Accept Dispatcher] INFO  nro.server.network.nro.GameConnectionFactory - Creating new connection for 127.0.0.1
2025-05-05 05:40:40.404 [ReadWrite-0 Dispatcher] WARN  nro.commons.network.packet.BaseClientPacket - [-111] CMGetImageSource2 was not fully read! Last 2 bytes were not read from buffer:
0000: 00 00                                              ..
2025-05-05 05:43:40.298 [pool-1-thread-1] INFO  nro.server.network.nro.NroConnection - Closing hanged up connection of NroConnection [state=CONNECTED], getIP()=127.0.0.1] (last sign of life was 1746398620298ms ago)
2025-05-05 05:43:40.301 [InstantPool-1] INFO  nro.server.network.nro.NroConnection - Client disconnected successfully: ID=
2025-05-05 05:43:45.329 [Accept Dispatcher] INFO  nro.server.network.nro.GameConnectionFactory - Creating new connection for 127.0.0.1
2025-05-05 05:45:37.534 [main] INFO  nro.server.configs.Config - Loading default configuration values from: resources/config/main/*
2025-05-05 05:45:37.550 [main] INFO  nro.server.configs.Config - Loading default configuration values from: resources/config/network/*
2025-05-05 05:45:37.552 [main] INFO  nro.server.configs.Config - Loading: ./config/mygs.properties
2025-05-05 05:45:37.552 [main] INFO  nro.server.configs.Config - No override properties found
2025-05-05 05:45:37.578 [main] WARN  nro.server.configs.Config - Config property game-server.shutdown.restart_schedule is unknown and therefore ignored.
2025-05-05 05:45:37.578 [main] WARN  nro.server.configs.Config - Config property game-server.shutdown.delay is unknown and therefore ignored.
2025-05-05 05:45:37.687 [main] INFO  org.reflections.Reflections - Reflections took 88 ms to scan 1 urls, producing 2 keys and 6 values
2025-05-05 05:45:37.745 [main] INFO  org.reflections.Reflections - Reflections took 24 ms to scan 1 urls, producing 2 keys and 8 values
2025-05-05 05:45:37.824 [main] INFO  nro.server.utils.ThreadPoolManager - ThreadPoolManager: Initialized with 36 instant, 36 scheduler and 0 long running threads
2025-05-05 05:45:37.830 [main] INFO  nro.server.GameServer - [32m[0m
2025-05-05 05:45:37.830 [main] INFO  nro.server.GameServer - [32mScheduled pool (Luồng xử lý định kỳ):[0m
2025-05-05 05:45:37.830 [main] INFO  nro.server.GameServer - [32m=================================================[0m
2025-05-05 05:45:37.830 [main] INFO  nro.server.GameServer - [32m	Số luồng đang thực thi tác vụ: ................. 0[0m
2025-05-05 05:45:37.831 [main] INFO  nro.server.GameServer - [32m	Số luồng lõi luôn tồn tại: ..................... 36[0m
2025-05-05 05:45:37.831 [main] INFO  nro.server.GameServer - [32m	Tổng số luồng hiện tại (đang chạy hoặc chờ): ... 36[0m
2025-05-05 05:45:37.831 [main] INFO  nro.server.GameServer - [32m	Số luồng cao nhất từng đạt: .................... 36[0m
2025-05-05 05:45:37.831 [main] INFO  nro.server.GameServer - [32m	Số luồng tối đa cho phép: ...................... 2147483647[0m
2025-05-05 05:45:37.831 [main] INFO  nro.server.GameServer - [32m	Tổng số tác vụ đã hoàn thành: .................. 0[0m
2025-05-05 05:45:37.832 [main] INFO  nro.server.GameServer - [32m	Số tác vụ đang chờ xử lý: ...................... 0[0m
2025-05-05 05:45:37.832 [main] INFO  nro.server.GameServer - [32m	Tổng số tác vụ đã submit: ...................... 0[0m
2025-05-05 05:45:37.832 [main] INFO  nro.server.GameServer - [32m[0m
2025-05-05 05:45:37.832 [main] INFO  nro.server.GameServer - [32mInstant pool (Luồng xử lý tác vụ tức thì):[0m
2025-05-05 05:45:37.832 [main] INFO  nro.server.GameServer - [32m=================================================[0m
2025-05-05 05:45:37.832 [main] INFO  nro.server.GameServer - [32m	Số luồng đang thực thi tác vụ: ................. 0[0m
2025-05-05 05:45:37.832 [main] INFO  nro.server.GameServer - [32m	Số luồng lõi luôn tồn tại: ..................... 36[0m
2025-05-05 05:45:37.833 [main] INFO  nro.server.GameServer - [32m	Tổng số luồng hiện tại (đang chạy hoặc chờ): ... 36[0m
2025-05-05 05:45:37.833 [main] INFO  nro.server.GameServer - [32m	Số luồng cao nhất từng đạt: .................... 36[0m
2025-05-05 05:45:37.833 [main] INFO  nro.server.GameServer - [32m	Số luồng tối đa cho phép: ...................... 36[0m
2025-05-05 05:45:37.833 [main] INFO  nro.server.GameServer - [32m	Tổng số tác vụ đã hoàn thành: .................. 0[0m
2025-05-05 05:45:37.833 [main] INFO  nro.server.GameServer - [32m	Số tác vụ đang chờ xử lý: ...................... 0[0m
2025-05-05 05:45:37.833 [main] INFO  nro.server.GameServer - [32m	Tổng số tác vụ đã submit: ...................... 0[0m
2025-05-05 05:45:37.833 [main] INFO  nro.server.GameServer - [32m[0m
2025-05-05 05:45:37.833 [main] INFO  nro.server.GameServer - [32mLong running pool (Luồng xử lý tác vụ dài hạn):[0m
2025-05-05 05:45:37.834 [main] INFO  nro.server.GameServer - [32m=================================================[0m
2025-05-05 05:45:37.834 [main] INFO  nro.server.GameServer - [32m	Số luồng đang thực thi tác vụ: ................. 0[0m
2025-05-05 05:45:37.834 [main] INFO  nro.server.GameServer - [32m	Số luồng lõi luôn tồn tại: ..................... 0[0m
2025-05-05 05:45:37.834 [main] INFO  nro.server.GameServer - [32m	Tổng số luồng hiện tại (đang chạy hoặc chờ): ... 0[0m
2025-05-05 05:45:37.834 [main] INFO  nro.server.GameServer - [32m	Số luồng cao nhất từng đạt: .................... 0[0m
2025-05-05 05:45:37.834 [main] INFO  nro.server.GameServer - [32m	Số luồng tối đa cho phép: ...................... 2147483647[0m
2025-05-05 05:45:37.834 [main] INFO  nro.server.GameServer - [32m	Tổng số tác vụ đã hoàn thành: .................. 0[0m
2025-05-05 05:45:37.834 [main] INFO  nro.server.GameServer - [32m	Số tác vụ đang chờ xử lý: ...................... 0[0m
2025-05-05 05:45:37.834 [main] INFO  nro.server.GameServer - [32m	Tổng số tác vụ đã submit: ...................... 0[0m
2025-05-05 05:45:37.835 [main] INFO  nro.server.GameServer - [32m	============= ALL THREAD =============[0m
2025-05-05 05:45:37.835 [main] INFO  nro.server.GameServer - [32m	Thread count: 73[0m
2025-05-05 05:45:37.845 [main] INFO  nro.commons.utils.SystemInfo - OS:  Windows 10 (amd64) version 10.0
2025-05-05 05:45:37.845 [main] INFO  nro.commons.utils.SystemInfo - JVM: Java HotSpot(TM) 64-Bit Server VM version 21.0.4+8-LTS-274 (2024-07-16)
2025-05-05 05:45:37.845 [main] INFO  nro.commons.utils.SystemInfo - JVM available CPUs:     36
2025-05-05 05:45:37.845 [main] INFO  nro.commons.utils.SystemInfo - Max. memory allowed: 30.208 MiB
2025-05-05 05:45:37.846 [main] INFO  nro.commons.utils.SystemInfo - ├ Allocated memory:  2.048 MiB   (7 %)
2025-05-05 05:45:37.846 [main] INFO  nro.commons.utils.SystemInfo - └ Used memory:          15 MiB   (0 %)
2025-05-05 05:45:38.100 [main] INFO  nro.server.data_holders.DataManager - Initialized manager class: [VersionImageData]
2025-05-05 05:45:38.101 [main] INFO  nro.server.data_holders.DataManager - ##### [Static Data loaded in 0,3 seconds] #####
2025-05-05 05:45:38.278 [main] INFO  nro.commons.network.NioServer - Listening on 127.0.0.1:14445 for Nro game clients
2025-05-05 05:45:38.873 [Accept Dispatcher] INFO  nro.server.network.nro.GameConnectionFactory - Creating new connection for 127.0.0.1
2025-05-05 05:45:38.960 [ReadWrite-0 Dispatcher] WARN  nro.commons.network.packet.BaseClientPacket - [-111] CMGetImageSource2 chưa đọc hết 2 bytes, còn:
0000: 00 00                                              ..
2025-05-05 05:45:53.626 [InstantPool-1] INFO  nro.server.network.nro.NroConnection - Client disconnected successfully: ID=
2025-05-05 05:46:04.536 [Accept Dispatcher] INFO  nro.server.network.nro.GameConnectionFactory - Creating new connection for 127.0.0.1
2025-05-05 05:49:04.545 [pool-1-thread-2] INFO  nro.server.network.nro.NroConnection - Closing hanged up connection of NroConnection [state=CONNECTED], getIP()=127.0.0.1] (last sign of life was 1746398944545ms ago)
2025-05-05 05:49:04.548 [InstantPool-2] INFO  nro.server.network.nro.NroConnection - Client disconnected successfully: ID=
2025-05-05 05:49:09.562 [Accept Dispatcher] INFO  nro.server.network.nro.GameConnectionFactory - Creating new connection for 127.0.0.1
2025-05-05 05:50:53.564 [main] INFO  nro.server.configs.Config - Loading default configuration values from: resources/config/main/*
2025-05-05 05:50:53.578 [main] INFO  nro.server.configs.Config - Loading default configuration values from: resources/config/network/*
2025-05-05 05:50:53.581 [main] INFO  nro.server.configs.Config - Loading: ./config/mygs.properties
2025-05-05 05:50:53.581 [main] INFO  nro.server.configs.Config - No override properties found
2025-05-05 05:50:53.615 [main] WARN  nro.server.configs.Config - Config property game-server.shutdown.restart_schedule is unknown and therefore ignored.
2025-05-05 05:50:53.615 [main] WARN  nro.server.configs.Config - Config property game-server.shutdown.delay is unknown and therefore ignored.
2025-05-05 05:50:53.738 [main] INFO  org.reflections.Reflections - Reflections took 99 ms to scan 1 urls, producing 2 keys and 6 values
2025-05-05 05:50:53.803 [main] INFO  org.reflections.Reflections - Reflections took 22 ms to scan 1 urls, producing 2 keys and 8 values
2025-05-05 05:50:53.878 [main] INFO  nro.server.utils.ThreadPoolManager - ThreadPoolManager: Initialized with 36 instant, 36 scheduler and 0 long running threads
2025-05-05 05:50:53.884 [main] INFO  nro.server.GameServer - [32m[0m
2025-05-05 05:50:53.884 [main] INFO  nro.server.GameServer - [32mScheduled pool (Luồng xử lý định kỳ):[0m
2025-05-05 05:50:53.884 [main] INFO  nro.server.GameServer - [32m=================================================[0m
2025-05-05 05:50:53.884 [main] INFO  nro.server.GameServer - [32m	Số luồng đang thực thi tác vụ: ................. 0[0m
2025-05-05 05:50:53.884 [main] INFO  nro.server.GameServer - [32m	Số luồng lõi luôn tồn tại: ..................... 36[0m
2025-05-05 05:50:53.885 [main] INFO  nro.server.GameServer - [32m	Tổng số luồng hiện tại (đang chạy hoặc chờ): ... 36[0m
2025-05-05 05:50:53.885 [main] INFO  nro.server.GameServer - [32m	Số luồng cao nhất từng đạt: .................... 36[0m
2025-05-05 05:50:53.885 [main] INFO  nro.server.GameServer - [32m	Số luồng tối đa cho phép: ...................... 2147483647[0m
2025-05-05 05:50:53.885 [main] INFO  nro.server.GameServer - [32m	Tổng số tác vụ đã hoàn thành: .................. 0[0m
2025-05-05 05:50:53.885 [main] INFO  nro.server.GameServer - [32m	Số tác vụ đang chờ xử lý: ...................... 0[0m
2025-05-05 05:50:53.885 [main] INFO  nro.server.GameServer - [32m	Tổng số tác vụ đã submit: ...................... 0[0m
2025-05-05 05:50:53.886 [main] INFO  nro.server.GameServer - [32m[0m
2025-05-05 05:50:53.886 [main] INFO  nro.server.GameServer - [32mInstant pool (Luồng xử lý tác vụ tức thì):[0m
2025-05-05 05:50:53.886 [main] INFO  nro.server.GameServer - [32m=================================================[0m
2025-05-05 05:50:53.886 [main] INFO  nro.server.GameServer - [32m	Số luồng đang thực thi tác vụ: ................. 0[0m
2025-05-05 05:50:53.886 [main] INFO  nro.server.GameServer - [32m	Số luồng lõi luôn tồn tại: ..................... 36[0m
2025-05-05 05:50:53.886 [main] INFO  nro.server.GameServer - [32m	Tổng số luồng hiện tại (đang chạy hoặc chờ): ... 36[0m
2025-05-05 05:50:53.886 [main] INFO  nro.server.GameServer - [32m	Số luồng cao nhất từng đạt: .................... 36[0m
2025-05-05 05:50:53.886 [main] INFO  nro.server.GameServer - [32m	Số luồng tối đa cho phép: ...................... 36[0m
2025-05-05 05:50:53.887 [main] INFO  nro.server.GameServer - [32m	Tổng số tác vụ đã hoàn thành: .................. 0[0m
2025-05-05 05:50:53.887 [main] INFO  nro.server.GameServer - [32m	Số tác vụ đang chờ xử lý: ...................... 0[0m
2025-05-05 05:50:53.887 [main] INFO  nro.server.GameServer - [32m	Tổng số tác vụ đã submit: ...................... 0[0m
2025-05-05 05:50:53.887 [main] INFO  nro.server.GameServer - [32m[0m
2025-05-05 05:50:53.887 [main] INFO  nro.server.GameServer - [32mLong running pool (Luồng xử lý tác vụ dài hạn):[0m
2025-05-05 05:50:53.887 [main] INFO  nro.server.GameServer - [32m=================================================[0m
2025-05-05 05:50:53.887 [main] INFO  nro.server.GameServer - [32m	Số luồng đang thực thi tác vụ: ................. 0[0m
2025-05-05 05:50:53.887 [main] INFO  nro.server.GameServer - [32m	Số luồng lõi luôn tồn tại: ..................... 0[0m
2025-05-05 05:50:53.887 [main] INFO  nro.server.GameServer - [32m	Tổng số luồng hiện tại (đang chạy hoặc chờ): ... 0[0m
2025-05-05 05:50:53.888 [main] INFO  nro.server.GameServer - [32m	Số luồng cao nhất từng đạt: .................... 0[0m
2025-05-05 05:50:53.888 [main] INFO  nro.server.GameServer - [32m	Số luồng tối đa cho phép: ...................... 2147483647[0m
2025-05-05 05:50:53.888 [main] INFO  nro.server.GameServer - [32m	Tổng số tác vụ đã hoàn thành: .................. 0[0m
2025-05-05 05:50:53.888 [main] INFO  nro.server.GameServer - [32m	Số tác vụ đang chờ xử lý: ...................... 0[0m
2025-05-05 05:50:53.888 [main] INFO  nro.server.GameServer - [32m	Tổng số tác vụ đã submit: ...................... 0[0m
2025-05-05 05:50:53.888 [main] INFO  nro.server.GameServer - [32m	============= ALL THREAD =============[0m
2025-05-05 05:50:53.888 [main] INFO  nro.server.GameServer - [32m	Thread count: 73[0m
2025-05-05 05:50:53.899 [main] INFO  nro.commons.utils.SystemInfo - OS:  Windows 10 (amd64) version 10.0
2025-05-05 05:50:53.899 [main] INFO  nro.commons.utils.SystemInfo - JVM: Java HotSpot(TM) 64-Bit Server VM version 21.0.4+8-LTS-274 (2024-07-16)
2025-05-05 05:50:53.899 [main] INFO  nro.commons.utils.SystemInfo - JVM available CPUs:     36
2025-05-05 05:50:53.899 [main] INFO  nro.commons.utils.SystemInfo - Max. memory allowed: 30.208 MiB
2025-05-05 05:50:53.899 [main] INFO  nro.commons.utils.SystemInfo - ├ Allocated memory:  2.048 MiB   (7 %)
2025-05-05 05:50:53.899 [main] INFO  nro.commons.utils.SystemInfo - └ Used memory:          15 MiB   (0 %)
2025-05-05 05:50:54.145 [main] INFO  nro.server.data_holders.DataManager - Initialized manager class: [VersionImageData]
2025-05-05 05:50:54.146 [main] INFO  nro.server.data_holders.DataManager - ##### [Static Data loaded in 0,2 seconds] #####
2025-05-05 05:50:54.321 [main] INFO  nro.commons.network.NioServer - Listening on 127.0.0.1:14445 for Nro game clients
2025-05-05 05:51:03.746 [Accept Dispatcher] INFO  nro.server.network.nro.GameConnectionFactory - Creating new connection for 127.0.0.1
2025-05-05 05:54:03.757 [pool-1-thread-1] INFO  nro.server.network.nro.NroConnection - Closing hanged up connection of NroConnection [state=CONNECTED], getIP()=127.0.0.1] (last sign of life was 1746399243757ms ago)
2025-05-05 05:54:03.761 [InstantPool-1] INFO  nro.server.network.nro.NroConnection - Client disconnected successfully: ID=
2025-05-05 05:54:08.813 [Accept Dispatcher] INFO  nro.server.network.nro.GameConnectionFactory - Creating new connection for 127.0.0.1
2025-05-05 05:57:08.819 [pool-1-thread-1] INFO  nro.server.network.nro.NroConnection - Closing hanged up connection of NroConnection [state=CONNECTED], getIP()=127.0.0.1] (last sign of life was 1746399428819ms ago)
2025-05-05 05:57:08.824 [InstantPool-2] INFO  nro.server.network.nro.NroConnection - Client disconnected successfully: ID=
2025-05-05 05:57:13.842 [Accept Dispatcher] INFO  nro.server.network.nro.GameConnectionFactory - Creating new connection for 127.0.0.1
2025-05-05 06:00:13.848 [pool-1-thread-1] INFO  nro.server.network.nro.NroConnection - Closing hanged up connection of NroConnection [state=CONNECTED], getIP()=127.0.0.1] (last sign of life was 1746399613848ms ago)
2025-05-05 06:00:13.849 [InstantPool-3] INFO  nro.server.network.nro.NroConnection - Client disconnected successfully: ID=
2025-05-05 06:00:18.898 [Accept Dispatcher] INFO  nro.server.network.nro.GameConnectionFactory - Creating new connection for 127.0.0.1
2025-05-05 06:02:50.910 [main] INFO  nro.server.configs.Config - Loading default configuration values from: resources/config/main/*
2025-05-05 06:02:50.923 [main] INFO  nro.server.configs.Config - Loading default configuration values from: resources/config/network/*
2025-05-05 06:02:50.925 [main] INFO  nro.server.configs.Config - Loading: ./config/mygs.properties
2025-05-05 06:02:50.925 [main] INFO  nro.server.configs.Config - No override properties found
2025-05-05 06:02:50.954 [main] WARN  nro.server.configs.Config - Config property game-server.shutdown.restart_schedule is unknown and therefore ignored.
2025-05-05 06:02:50.954 [main] WARN  nro.server.configs.Config - Config property game-server.shutdown.delay is unknown and therefore ignored.
2025-05-05 06:02:51.077 [main] INFO  org.reflections.Reflections - Reflections took 100 ms to scan 1 urls, producing 2 keys and 6 values
2025-05-05 06:02:51.138 [main] INFO  org.reflections.Reflections - Reflections took 23 ms to scan 1 urls, producing 2 keys and 8 values
2025-05-05 06:02:51.218 [main] INFO  nro.server.utils.ThreadPoolManager - ThreadPoolManager: Initialized with 36 instant, 36 scheduler and 0 long running threads
2025-05-05 06:02:51.223 [main] INFO  nro.server.GameServer - [32m[0m
2025-05-05 06:02:51.223 [main] INFO  nro.server.GameServer - [32mScheduled pool (Luồng xử lý định kỳ):[0m
2025-05-05 06:02:51.224 [main] INFO  nro.server.GameServer - [32m=================================================[0m
2025-05-05 06:02:51.224 [main] INFO  nro.server.GameServer - [32m	Số luồng đang thực thi tác vụ: ................. 0[0m
2025-05-05 06:02:51.224 [main] INFO  nro.server.GameServer - [32m	Số luồng lõi luôn tồn tại: ..................... 36[0m
2025-05-05 06:02:51.224 [main] INFO  nro.server.GameServer - [32m	Tổng số luồng hiện tại (đang chạy hoặc chờ): ... 36[0m
2025-05-05 06:02:51.224 [main] INFO  nro.server.GameServer - [32m	Số luồng cao nhất từng đạt: .................... 36[0m
2025-05-05 06:02:51.225 [main] INFO  nro.server.GameServer - [32m	Số luồng tối đa cho phép: ...................... 2147483647[0m
2025-05-05 06:02:51.225 [main] INFO  nro.server.GameServer - [32m	Tổng số tác vụ đã hoàn thành: .................. 0[0m
2025-05-05 06:02:51.225 [main] INFO  nro.server.GameServer - [32m	Số tác vụ đang chờ xử lý: ...................... 0[0m
2025-05-05 06:02:51.225 [main] INFO  nro.server.GameServer - [32m	Tổng số tác vụ đã submit: ...................... 0[0m
2025-05-05 06:02:51.225 [main] INFO  nro.server.GameServer - [32m[0m
2025-05-05 06:02:51.225 [main] INFO  nro.server.GameServer - [32mInstant pool (Luồng xử lý tác vụ tức thì):[0m
2025-05-05 06:02:51.225 [main] INFO  nro.server.GameServer - [32m=================================================[0m
2025-05-05 06:02:51.226 [main] INFO  nro.server.GameServer - [32m	Số luồng đang thực thi tác vụ: ................. 0[0m
2025-05-05 06:02:51.226 [main] INFO  nro.server.GameServer - [32m	Số luồng lõi luôn tồn tại: ..................... 36[0m
2025-05-05 06:02:51.226 [main] INFO  nro.server.GameServer - [32m	Tổng số luồng hiện tại (đang chạy hoặc chờ): ... 36[0m
2025-05-05 06:02:51.226 [main] INFO  nro.server.GameServer - [32m	Số luồng cao nhất từng đạt: .................... 36[0m
2025-05-05 06:02:51.226 [main] INFO  nro.server.GameServer - [32m	Số luồng tối đa cho phép: ...................... 36[0m
2025-05-05 06:02:51.226 [main] INFO  nro.server.GameServer - [32m	Tổng số tác vụ đã hoàn thành: .................. 0[0m
2025-05-05 06:02:51.226 [main] INFO  nro.server.GameServer - [32m	Số tác vụ đang chờ xử lý: ...................... 0[0m
2025-05-05 06:02:51.226 [main] INFO  nro.server.GameServer - [32m	Tổng số tác vụ đã submit: ...................... 0[0m
2025-05-05 06:02:51.227 [main] INFO  nro.server.GameServer - [32m[0m
2025-05-05 06:02:51.227 [main] INFO  nro.server.GameServer - [32mLong running pool (Luồng xử lý tác vụ dài hạn):[0m
2025-05-05 06:02:51.227 [main] INFO  nro.server.GameServer - [32m=================================================[0m
2025-05-05 06:02:51.227 [main] INFO  nro.server.GameServer - [32m	Số luồng đang thực thi tác vụ: ................. 0[0m
2025-05-05 06:02:51.227 [main] INFO  nro.server.GameServer - [32m	Số luồng lõi luôn tồn tại: ..................... 0[0m
2025-05-05 06:02:51.227 [main] INFO  nro.server.GameServer - [32m	Tổng số luồng hiện tại (đang chạy hoặc chờ): ... 0[0m
2025-05-05 06:02:51.227 [main] INFO  nro.server.GameServer - [32m	Số luồng cao nhất từng đạt: .................... 0[0m
2025-05-05 06:02:51.227 [main] INFO  nro.server.GameServer - [32m	Số luồng tối đa cho phép: ...................... 2147483647[0m
2025-05-05 06:02:51.227 [main] INFO  nro.server.GameServer - [32m	Tổng số tác vụ đã hoàn thành: .................. 0[0m
2025-05-05 06:02:51.227 [main] INFO  nro.server.GameServer - [32m	Số tác vụ đang chờ xử lý: ...................... 0[0m
2025-05-05 06:02:51.228 [main] INFO  nro.server.GameServer - [32m	Tổng số tác vụ đã submit: ...................... 0[0m
2025-05-05 06:02:51.228 [main] INFO  nro.server.GameServer - [32m	============= ALL THREAD =============[0m
2025-05-05 06:02:51.228 [main] INFO  nro.server.GameServer - [32m	Thread count: 73[0m
2025-05-05 06:02:51.238 [main] INFO  nro.commons.utils.SystemInfo - OS:  Windows 10 (amd64) version 10.0
2025-05-05 06:02:51.239 [main] INFO  nro.commons.utils.SystemInfo - JVM: Java HotSpot(TM) 64-Bit Server VM version 21.0.4+8-LTS-274 (2024-07-16)
2025-05-05 06:02:51.239 [main] INFO  nro.commons.utils.SystemInfo - JVM available CPUs:     36
2025-05-05 06:02:51.239 [main] INFO  nro.commons.utils.SystemInfo - Max. memory allowed: 30.208 MiB
2025-05-05 06:02:51.239 [main] INFO  nro.commons.utils.SystemInfo - ├ Allocated memory:  2.048 MiB   (7 %)
2025-05-05 06:02:51.239 [main] INFO  nro.commons.utils.SystemInfo - └ Used memory:          16 MiB   (0 %)
2025-05-05 06:02:51.519 [main] INFO  nro.server.data_holders.DataManager - Initialized manager class: [VersionImageData]
2025-05-05 06:02:51.520 [main] INFO  nro.server.data_holders.DataManager - ##### [Static Data loaded in 0,3 seconds] #####
2025-05-05 06:02:51.697 [main] INFO  nro.commons.network.NioServer - Listening on 127.0.0.1:14445 for Nro game clients
2025-05-05 06:03:01.133 [Accept Dispatcher] INFO  nro.server.network.nro.GameConnectionFactory - Creating new connection for 127.0.0.1
2025-05-05 06:04:05.321 [main] INFO  nro.server.configs.Config - Loading default configuration values from: resources/config/main/*
2025-05-05 06:04:05.334 [main] INFO  nro.server.configs.Config - Loading default configuration values from: resources/config/network/*
2025-05-05 06:04:05.336 [main] INFO  nro.server.configs.Config - Loading: ./config/mygs.properties
2025-05-05 06:04:05.336 [main] INFO  nro.server.configs.Config - No override properties found
2025-05-05 06:04:05.362 [main] WARN  nro.server.configs.Config - Config property game-server.shutdown.restart_schedule is unknown and therefore ignored.
2025-05-05 06:04:05.363 [main] WARN  nro.server.configs.Config - Config property game-server.shutdown.delay is unknown and therefore ignored.
2025-05-05 06:04:05.484 [main] INFO  org.reflections.Reflections - Reflections took 97 ms to scan 1 urls, producing 2 keys and 6 values
2025-05-05 06:04:05.544 [main] INFO  org.reflections.Reflections - Reflections took 25 ms to scan 1 urls, producing 2 keys and 8 values
2025-05-05 06:04:05.622 [main] INFO  nro.server.utils.ThreadPoolManager - ThreadPoolManager: Initialized with 36 instant, 36 scheduler and 0 long running threads
2025-05-05 06:04:05.628 [main] INFO  nro.server.GameServer - [32m[0m
2025-05-05 06:04:05.629 [main] INFO  nro.server.GameServer - [32mScheduled pool (Luồng xử lý định kỳ):[0m
2025-05-05 06:04:05.629 [main] INFO  nro.server.GameServer - [32m=================================================[0m
2025-05-05 06:04:05.629 [main] INFO  nro.server.GameServer - [32m	Số luồng đang thực thi tác vụ: ................. 0[0m
2025-05-05 06:04:05.630 [main] INFO  nro.server.GameServer - [32m	Số luồng lõi luôn tồn tại: ..................... 36[0m
2025-05-05 06:04:05.630 [main] INFO  nro.server.GameServer - [32m	Tổng số luồng hiện tại (đang chạy hoặc chờ): ... 36[0m
2025-05-05 06:04:05.630 [main] INFO  nro.server.GameServer - [32m	Số luồng cao nhất từng đạt: .................... 36[0m
2025-05-05 06:04:05.630 [main] INFO  nro.server.GameServer - [32m	Số luồng tối đa cho phép: ...................... 2147483647[0m
2025-05-05 06:04:05.631 [main] INFO  nro.server.GameServer - [32m	Tổng số tác vụ đã hoàn thành: .................. 0[0m
2025-05-05 06:04:05.631 [main] INFO  nro.server.GameServer - [32m	Số tác vụ đang chờ xử lý: ...................... 0[0m
2025-05-05 06:04:05.631 [main] INFO  nro.server.GameServer - [32m	Tổng số tác vụ đã submit: ...................... 0[0m
2025-05-05 06:04:05.631 [main] INFO  nro.server.GameServer - [32m[0m
2025-05-05 06:04:05.631 [main] INFO  nro.server.GameServer - [32mInstant pool (Luồng xử lý tác vụ tức thì):[0m
2025-05-05 06:04:05.631 [main] INFO  nro.server.GameServer - [32m=================================================[0m
2025-05-05 06:04:05.631 [main] INFO  nro.server.GameServer - [32m	Số luồng đang thực thi tác vụ: ................. 0[0m
2025-05-05 06:04:05.632 [main] INFO  nro.server.GameServer - [32m	Số luồng lõi luôn tồn tại: ..................... 36[0m
2025-05-05 06:04:05.632 [main] INFO  nro.server.GameServer - [32m	Tổng số luồng hiện tại (đang chạy hoặc chờ): ... 36[0m
2025-05-05 06:04:05.632 [main] INFO  nro.server.GameServer - [32m	Số luồng cao nhất từng đạt: .................... 36[0m
2025-05-05 06:04:05.632 [main] INFO  nro.server.GameServer - [32m	Số luồng tối đa cho phép: ...................... 36[0m
2025-05-05 06:04:05.632 [main] INFO  nro.server.GameServer - [32m	Tổng số tác vụ đã hoàn thành: .................. 0[0m
2025-05-05 06:04:05.632 [main] INFO  nro.server.GameServer - [32m	Số tác vụ đang chờ xử lý: ...................... 0[0m
2025-05-05 06:04:05.632 [main] INFO  nro.server.GameServer - [32m	Tổng số tác vụ đã submit: ...................... 0[0m
2025-05-05 06:04:05.633 [main] INFO  nro.server.GameServer - [32m[0m
2025-05-05 06:04:05.633 [main] INFO  nro.server.GameServer - [32mLong running pool (Luồng xử lý tác vụ dài hạn):[0m
2025-05-05 06:04:05.633 [main] INFO  nro.server.GameServer - [32m=================================================[0m
2025-05-05 06:04:05.633 [main] INFO  nro.server.GameServer - [32m	Số luồng đang thực thi tác vụ: ................. 0[0m
2025-05-05 06:04:05.633 [main] INFO  nro.server.GameServer - [32m	Số luồng lõi luôn tồn tại: ..................... 0[0m
2025-05-05 06:04:05.633 [main] INFO  nro.server.GameServer - [32m	Tổng số luồng hiện tại (đang chạy hoặc chờ): ... 0[0m
2025-05-05 06:04:05.633 [main] INFO  nro.server.GameServer - [32m	Số luồng cao nhất từng đạt: .................... 0[0m
2025-05-05 06:04:05.634 [main] INFO  nro.server.GameServer - [32m	Số luồng tối đa cho phép: ...................... 2147483647[0m
2025-05-05 06:04:05.634 [main] INFO  nro.server.GameServer - [32m	Tổng số tác vụ đã hoàn thành: .................. 0[0m
2025-05-05 06:04:05.634 [main] INFO  nro.server.GameServer - [32m	Số tác vụ đang chờ xử lý: ...................... 0[0m
2025-05-05 06:04:05.634 [main] INFO  nro.server.GameServer - [32m	Tổng số tác vụ đã submit: ...................... 0[0m
2025-05-05 06:04:05.634 [main] INFO  nro.server.GameServer - [32m	============= ALL THREAD =============[0m
2025-05-05 06:04:05.634 [main] INFO  nro.server.GameServer - [32m	Thread count: 73[0m
2025-05-05 06:04:05.647 [main] INFO  nro.commons.utils.SystemInfo - OS:  Windows 10 (amd64) version 10.0
2025-05-05 06:04:05.647 [main] INFO  nro.commons.utils.SystemInfo - JVM: Java HotSpot(TM) 64-Bit Server VM version 21.0.4+8-LTS-274 (2024-07-16)
2025-05-05 06:04:05.647 [main] INFO  nro.commons.utils.SystemInfo - JVM available CPUs:     36
2025-05-05 06:04:05.647 [main] INFO  nro.commons.utils.SystemInfo - Max. memory allowed: 30.208 MiB
2025-05-05 06:04:05.647 [main] INFO  nro.commons.utils.SystemInfo - ├ Allocated memory:  2.048 MiB   (7 %)
2025-05-05 06:04:05.647 [main] INFO  nro.commons.utils.SystemInfo - └ Used memory:          16 MiB   (0 %)
2025-05-05 06:04:05.910 [main] INFO  nro.server.data_holders.DataManager - Initialized manager class: [VersionImageData]
2025-05-05 06:04:05.911 [main] INFO  nro.server.data_holders.DataManager - ##### [Static Data loaded in 0,3 seconds] #####
2025-05-05 06:04:06.099 [main] INFO  nro.commons.network.NioServer - Listening on 127.0.0.1:14445 for Nro game clients
2025-05-05 06:04:20.927 [Accept Dispatcher] INFO  nro.server.network.nro.GameConnectionFactory - Creating new connection for 127.0.0.1
2025-05-05 06:04:24.630 [ReadWrite-0 Dispatcher] WARN  nro.server.network.nro.client_packets.NroClientPacketFactory - Unknown or invalid packet command: -74 state: CONNECTED
2025-05-05 06:04:24.631 [ReadWrite-0 Dispatcher] WARN  nro.server.network.nro.NroConnection - Unknown packet cmd=-74 in state=CONNECTED
